<!DOCTYPE html>
<html lang="en">
<head>
  <meta charset="UTF-8">
  <title>3 Queries</title>
  <link rel="stylesheet" href="styles.css">
    <script>
    function init() {
      var loc = window.location.href;
      var HTMLvalidLinkStr = 'http://validator.w3.org/check?uri=' + loc;
      var CSSvalidLinkStr = 'http://jigsaw.w3.org/css-validator/validator?uri=' +
                            loc + '?profile=css3';
      document.getElementById("vLink1").setAttribute("href", HTMLvalidLinkStr);
      document.getElementById("vLink2").setAttribute("href", CSSvalidLinkStr);
    }
    window.onload = init;
  </script>
</head>
<body>
  <header>
    <h1>3 Queries</h1>
  </header>

  <section class="about">
    <h3>This project was an initial overview of SQL queries, and how they work. </h3>
  </section>
  <section class="features">
    <div class="feature">
      <p>We designed different queries that ran different scans on a database to see runtimes, and fully comprehend what the different types of scans are.</p>
          <h2>3 Queries</h2>

    <h3>Sequential Scan</h3>
    <h4>Query</h4>
    <pre><code>SELECT first_name FROM employees WHERE first_name = 'Kmuf';</code></pre>

    <h4>Query Plan</h4>
    <pre><code>
                         QUERY PLAN                          
-------------------------------------------------------------
 Seq Scan on employees  (cost=0.00..15536.00 rows=2 width=5)
   Filter: ((first_name)::text = 'Kmuf'::text)
    </code></pre>

    <h4>Explanation</h4>
    <p>This query searches through every row to find the rows that have the first name Kmuf.</p>

    <h3>Index Scan</h3>
    <h4>Query</h4>
    <pre><code>SELECT first_name FROM employees WHERE employee_id = 1;</code></pre>

    <h4>Query Plan</h4>
    <pre><code>
                                  QUERY PLAN                                  
------------------------------------------------------------------------------
 Index Scan using employees_pk on employees  (cost=0.29..8.31 rows=1 width=5)
   Index Cond: (employee_id = '1'::numeric)
    </code></pre>

    <h4>Explanation</h4>
    <p>This query searches through the index for 1 and then goes through the table to match the index to the first name.</p>

    <h3>Index Only Scan</h3>
    <h4>Query</h4>
    <pre><code>SELECT COUNT(*) FROM employees;</code></pre>

    <h4>Query Plan</h4>
    <pre><code>
                                           QUERY PLAN                                            
-------------------------------------------------------------------------------------------------
 Aggregate  (cost=2859.29..2859.30 rows=1 width=8)
   ->  Index Only Scan using employees_pk on employees  (cost=0.29..2609.29 rows=100000 width=0)
    </code></pre>

    <h4>Explanation</h4>
    <p>This only uses the index as it counts all the elements in the index.</p>
      <a href="https://github.com/aelliott26/ITD256/blob/main/Notes/3Queries.md" class="button">This is a link to my github overview of the project.</a>
    </div>
  </section>
  <footer>
    <a id="vLink1"><strong>HTML</strong> Valid!</a> |
    <a id="vLink2"><strong>CSS</strong> Valid!</a>
  </footer>
</body>
</html>
